\BOOKMARK [0][-]{chapter.1}{\376\377\000I\000n\000t\000r\000o\000d\000u\000c\000t\000i\000o\000n}{}% 1
\BOOKMARK [1][-]{section.1.1}{\376\377\000S\000y\000s\000t\000e\000m\000\040\000P\000u\000r\000p\000o\000s\000e}{chapter.1}% 2
\BOOKMARK [1][-]{section.1.2}{\376\377\000A\000r\000c\000h\000i\000t\000e\000c\000t\000u\000r\000a\000l\000\040\000C\000o\000m\000p\000o\000n\000e\000n\000t\000s}{chapter.1}% 3
\BOOKMARK [1][-]{section.1.3}{\376\377\000D\000e\000s\000i\000g\000n\000\040\000G\000o\000a\000l\000s}{chapter.1}% 4
\BOOKMARK [0][-]{chapter.2}{\376\377\000S\000y\000s\000t\000e\000m\000\040\000A\000r\000c\000h\000i\000t\000e\000c\000t\000u\000r\000e\000\040\000O\000v\000e\000r\000v\000i\000e\000w}{}% 5
\BOOKMARK [1][-]{section.2.1}{\376\377\000C\000o\000m\000p\000o\000n\000e\000n\000t\000\040\000O\000r\000g\000a\000n\000i\000z\000a\000t\000i\000o\000n}{chapter.2}% 6
\BOOKMARK [2][-]{subsection.2.1.1}{\376\377\000M\000e\000a\000s\000u\000r\000e\000m\000e\000n\000t\000\040\000L\000a\000y\000e\000r}{section.2.1}% 7
\BOOKMARK [2][-]{subsection.2.1.2}{\376\377\000A\000n\000a\000l\000y\000t\000i\000c\000s\000\040\000L\000a\000y\000e\000r}{section.2.1}% 8
\BOOKMARK [2][-]{subsection.2.1.3}{\376\377\000D\000e\000c\000i\000s\000i\000o\000n\000\040\000L\000a\000y\000e\000r}{section.2.1}% 9
\BOOKMARK [2][-]{subsection.2.1.4}{\376\377\000C\000o\000n\000t\000r\000o\000l\000\040\000L\000a\000y\000e\000r}{section.2.1}% 10
\BOOKMARK [2][-]{subsection.2.1.5}{\376\377\000M\000a\000n\000a\000g\000e\000m\000e\000n\000t\000\040\000L\000a\000y\000e\000r}{section.2.1}% 11
\BOOKMARK [1][-]{section.2.2}{\376\377\000D\000a\000t\000a\000\040\000F\000l\000o\000w}{chapter.2}% 12
\BOOKMARK [1][-]{section.2.3}{\376\377\000T\000h\000r\000e\000a\000d\000i\000n\000g\000\040\000M\000o\000d\000e\000l}{chapter.2}% 13
\BOOKMARK [0][-]{chapter.3}{\376\377\000S\000c\000h\000e\000d\000u\000l\000e\000r\000s\000\040\000a\000n\000d\000\040\000D\000a\000t\000a\000\040\000A\000c\000q\000u\000i\000s\000i\000t\000i\000o\000n}{}% 14
\BOOKMARK [1][-]{section.3.1}{\376\377\000S\000c\000h\000e\000d\000u\000l\000e\000r\000\040\000F\000r\000a\000m\000e\000w\000o\000r\000k}{chapter.3}% 15
\BOOKMARK [1][-]{section.3.2}{\376\377\000L\000i\000n\000k\000\040\000M\000e\000a\000s\000u\000r\000e\000m\000e\000n\000t\000\040\000S\000c\000h\000e\000d\000u\000l\000e\000r}{chapter.3}% 16
\BOOKMARK [1][-]{section.3.3}{\376\377\000B\000e\000a\000c\000o\000n\000\040\000M\000e\000a\000s\000u\000r\000e\000m\000e\000n\000t\000\040\000S\000c\000h\000e\000d\000u\000l\000e\000r}{chapter.3}% 17
\BOOKMARK [1][-]{section.3.4}{\376\377\000Q\000o\000E\000\040\000S\000c\000h\000e\000d\000u\000l\000e\000r}{chapter.3}% 18
\BOOKMARK [1][-]{section.3.5}{\376\377\000N\000e\000i\000g\000h\000b\000o\000r\000\040\000R\000a\000n\000k\000i\000n\000g\000\040\000S\000c\000h\000e\000d\000u\000l\000e\000r}{chapter.3}% 19
\BOOKMARK [1][-]{section.3.6}{\376\377\000B\000S\000S\000\040\000T\000r\000a\000n\000s\000i\000t\000i\000o\000n\000\040\000S\000c\000h\000e\000d\000u\000l\000e\000r}{chapter.3}% 20
\BOOKMARK [0][-]{chapter.4}{\376\377\000Q\000u\000a\000l\000i\000t\000y\000\040\000o\000f\000\040\000E\000x\000p\000e\000r\000i\000e\000n\000c\000e\000\040\000\050\000Q\000o\000E\000\051\000\040\000C\000o\000m\000p\000u\000t\000a\000t\000i\000o\000n}{}% 21
\BOOKMARK [1][-]{section.4.1}{\376\377\000A\000P\000-\000S\000i\000d\000e\000\040\000Q\000o\000E}{chapter.4}% 22
\BOOKMARK [2][-]{subsection.4.1.1}{\376\377\000S\000i\000g\000n\000a\000l\000\040\000Q\000u\000a\000l\000i\000t\000y\000\040\000C\000o\000m\000p\000o\000n\000e\000n\000t}{section.4.1}% 23
\BOOKMARK [2][-]{subsection.4.1.2}{\376\377\000T\000h\000r\000o\000u\000g\000h\000p\000u\000t\000\040\000C\000o\000m\000p\000o\000n\000e\000n\000t}{section.4.1}% 24
\BOOKMARK [2][-]{subsection.4.1.3}{\376\377\000R\000e\000l\000i\000a\000b\000i\000l\000i\000t\000y\000\040\000C\000o\000m\000p\000o\000n\000e\000n\000t}{section.4.1}% 25
\BOOKMARK [2][-]{subsection.4.1.4}{\376\377\000L\000a\000t\000e\000n\000c\000y\000\040\000C\000o\000m\000p\000o\000n\000e\000n\000t}{section.4.1}% 26
\BOOKMARK [2][-]{subsection.4.1.5}{\376\377\000A\000c\000t\000i\000v\000i\000t\000y\000\040\000C\000o\000m\000p\000o\000n\000e\000n\000t}{section.4.1}% 27
\BOOKMARK [1][-]{section.4.2}{\376\377\000T\000C\000P\000\040\000Q\000o\000E\000\040\000\050\000U\000p\000d\000a\000t\000e\000d\000\051}{chapter.4}% 28
\BOOKMARK [2][-]{subsection.4.2.1}{\376\377\000P\000a\000r\000t\000\040\0001\000:\000\040\000T\000C\000P\000\040\000P\000a\000c\000k\000e\000t\000\040\000C\000a\000p\000t\000u\000r\000e}{section.4.2}% 29
\BOOKMARK [2][-]{subsection.4.2.2}{\376\377\000P\000a\000r\000t\000\040\0002\000:\000\040\000T\000C\000P\000\040\000L\000a\000y\000e\000r\000\040\000F\000i\000e\000l\000d\000s}{section.4.2}% 30
\BOOKMARK [2][-]{subsection.4.2.3}{\376\377\000P\000a\000r\000t\000\040\0003\000:\000\040\000R\000a\000w\000\040\000M\000e\000t\000r\000i\000c\000\040\000E\000x\000t\000r\000a\000c\000t\000i\000o\000n}{section.4.2}% 31
\BOOKMARK [2][-]{subsection.4.2.4}{\376\377\000P\000a\000r\000t\000\040\0004\000:\000\040\000N\000o\000r\000m\000a\000l\000i\000z\000a\000t\000i\000o\000n\000\040\000w\000i\000t\000h\000\040\000P\000a\000r\000a\000m\000e\000t\000e\000r\000s}{section.4.2}% 32
\BOOKMARK [2][-]{subsection.4.2.5}{\376\377\000P\000a\000r\000t\000\040\0005\000:\000\040\000F\000i\000n\000a\000l\000\040\000Q\000o\000E\000\040\000C\000o\000m\000p\000u\000t\000a\000t\000i\000o\000n}{section.4.2}% 33
\BOOKMARK [2][-]{subsection.4.2.6}{\376\377\000S\000u\000m\000m\000a\000r\000y\000\040\000o\000f\000\040\000F\000o\000r\000m\000u\000l\000a\000s\000\040\000w\000i\000t\000h\000\040\000P\000a\000r\000a\000m\000e\000t\000e\000r\000s}{section.4.2}% 34
\BOOKMARK [1][-]{section.4.3}{\376\377\000H\000i\000s\000t\000o\000r\000i\000c\000a\000l\000\040\000T\000r\000e\000n\000d\000\040\000A\000n\000a\000l\000y\000s\000i\000s}{chapter.4}% 35
\BOOKMARK [2][-]{subsection.4.3.1}{\376\377\000M\000o\000v\000i\000n\000g\000\040\000A\000v\000e\000r\000a\000g\000e}{section.4.3}% 36
\BOOKMARK [2][-]{subsection.4.3.2}{\376\377\000T\000r\000e\000n\000d\000\040\000C\000o\000m\000p\000u\000t\000a\000t\000i\000o\000n}{section.4.3}% 37
\BOOKMARK [2][-]{subsection.4.3.3}{\376\377\000V\000o\000l\000a\000t\000i\000l\000i\000t\000y}{section.4.3}% 38
\BOOKMARK [1][-]{section.4.4}{\376\377\000P\000o\000s\000t\000-\000R\000o\000a\000m\000\040\000Q\000o\000E\000\040\000D\000e\000l\000t\000a\000\040\000A\000n\000a\000l\000y\000s\000i\000s}{chapter.4}% 39
\BOOKMARK [0][-]{chapter.5}{\376\377\000N\000e\000i\000g\000h\000b\000o\000r\000\040\000R\000a\000n\000k\000i\000n\000g\000\040\000A\000l\000g\000o\000r\000i\000t\000h\000m}{}% 40
\BOOKMARK [1][-]{section.5.1}{\376\377\000R\000a\000n\000k\000i\000n\000g\000\040\000O\000v\000e\000r\000v\000i\000e\000w}{chapter.5}% 41
\BOOKMARK [1][-]{section.5.2}{\376\377\000S\000c\000o\000r\000i\000n\000g\000\040\000F\000o\000r\000m\000u\000l\000a}{chapter.5}% 42
\BOOKMARK [2][-]{subsection.5.2.1}{\376\377\000R\000S\000S\000I\000\040\000C\000o\000m\000p\000o\000n\000e\000n\000t}{section.5.2}% 43
\BOOKMARK [2][-]{subsection.5.2.2}{\376\377\000C\000a\000p\000a\000c\000i\000t\000y\000\040\000C\000o\000m\000p\000o\000n\000e\000n\000t}{section.5.2}% 44
\BOOKMARK [2][-]{subsection.5.2.3}{\376\377\000L\000o\000a\000d\000\040\000C\000o\000m\000p\000o\000n\000e\000n\000t}{section.5.2}% 45
\BOOKMARK [1][-]{section.5.3}{\376\377\000N\000e\000i\000g\000h\000b\000o\000r\000\040\000A\000g\000g\000r\000e\000g\000a\000t\000i\000o\000n}{chapter.5}% 46
\BOOKMARK [1][-]{section.5.4}{\376\377\000S\000o\000r\000t\000i\000n\000g\000\040\000a\000n\000d\000\040\000S\000e\000l\000e\000c\000t\000i\000o\000n}{chapter.5}% 47
\BOOKMARK [1][-]{section.5.5}{\376\377\000F\000u\000t\000u\000r\000e\000\040\000E\000n\000h\000a\000n\000c\000e\000m\000e\000n\000t\000:\000\040\000H\000i\000s\000t\000o\000r\000i\000c\000a\000l\000\040\000P\000e\000r\000f\000o\000r\000m\000a\000n\000c\000e}{chapter.5}% 48
\BOOKMARK [0][-]{chapter.6}{\376\377\000T\000r\000a\000n\000s\000i\000t\000i\000o\000n\000\040\000M\000a\000n\000a\000g\000e\000m\000e\000n\000t\000\040\000L\000o\000g\000i\000c}{}% 49
\BOOKMARK [1][-]{section.6.1}{\376\377\000S\000t\000e\000e\000r\000i\000n\000g\000\040\000D\000e\000c\000i\000s\000i\000o\000n\000\040\000P\000r\000o\000c\000e\000s\000s}{chapter.6}% 50
\BOOKMARK [2][-]{subsection.6.1.1}{\376\377\000D\000e\000c\000i\000s\000i\000o\000n\000\040\000A\000l\000g\000o\000r\000i\000t\000h\000m}{section.6.1}% 51
\BOOKMARK [1][-]{section.6.2}{\376\377\000Q\000o\000E\000\040\000T\000h\000r\000e\000s\000h\000o\000l\000d}{chapter.6}% 52
\BOOKMARK [1][-]{section.6.3}{\376\377\000B\000S\000S\000\040\000T\000r\000a\000n\000s\000i\000t\000i\000o\000n\000\040\000R\000e\000q\000u\000e\000s\000t\000\040\000C\000o\000n\000s\000t\000r\000u\000c\000t\000i\000o\000n}{chapter.6}% 53
\BOOKMARK [2][-]{subsection.6.3.1}{\376\377\000R\000e\000q\000u\000e\000s\000t\000\040\000M\000o\000d\000e}{section.6.3}% 54
\BOOKMARK [2][-]{subsection.6.3.2}{\376\377\000N\000e\000i\000g\000h\000b\000o\000r\000\040\000L\000i\000s\000t}{section.6.3}% 55
\BOOKMARK [2][-]{subsection.6.3.3}{\376\377\000A\000d\000d\000i\000t\000i\000o\000n\000a\000l\000\040\000P\000a\000r\000a\000m\000e\000t\000e\000r\000s}{section.6.3}% 56
\BOOKMARK [1][-]{section.6.4}{\376\377\000R\000a\000t\000e\000\040\000L\000i\000m\000i\000t\000i\000n\000g\000\040\000a\000n\000d\000\040\000H\000y\000s\000t\000e\000r\000e\000s\000i\000s}{chapter.6}% 57
\BOOKMARK [2][-]{subsection.6.4.1}{\376\377\000M\000i\000n\000i\000m\000u\000m\000\040\000T\000i\000m\000e\000\040\000B\000e\000t\000w\000e\000e\000n\000\040\000S\000t\000e\000e\000r\000s}{section.6.4}% 58
\BOOKMARK [2][-]{subsection.6.4.2}{\376\377\000Q\000o\000E\000\040\000H\000y\000s\000t\000e\000r\000e\000s\000i\000s}{section.6.4}% 59
\BOOKMARK [2][-]{subsection.6.4.3}{\376\377\000M\000i\000n\000i\000m\000u\000m\000\040\000R\000S\000S\000I\000\040\000D\000e\000l\000t\000a}{section.6.4}% 60
\BOOKMARK [1][-]{section.6.5}{\376\377\000S\000t\000e\000e\000r\000i\000n\000g\000\040\000E\000v\000e\000n\000t\000\040\000L\000o\000g\000g\000i\000n\000g}{chapter.6}% 61
\BOOKMARK [1][-]{section.6.6}{\376\377\000C\000l\000i\000e\000n\000t\000\040\000R\000e\000s\000p\000o\000n\000s\000e\000\040\000H\000a\000n\000d\000l\000i\000n\000g}{chapter.6}% 62
\BOOKMARK [0][-]{chapter.7}{\376\377\000S\000t\000a\000t\000e\000A\000P\000I\000:\000\040\000H\000T\000T\000P\000\040\000I\000n\000t\000e\000r\000f\000a\000c\000e}{}% 63
\BOOKMARK [1][-]{section.7.1}{\376\377\000A\000P\000I\000\040\000P\000u\000r\000p\000o\000s\000e\000\040\000a\000n\000d\000\040\000D\000e\000s\000i\000g\000n}{chapter.7}% 64
\BOOKMARK [1][-]{section.7.2}{\376\377\000D\000a\000t\000a\000\040\000R\000e\000f\000r\000e\000s\000h\000\040\000P\000r\000o\000c\000e\000s\000s}{chapter.7}% 65
\BOOKMARK [1][-]{section.7.3}{\376\377\000R\000e\000s\000p\000o\000n\000s\000e\000\040\000S\000t\000r\000u\000c\000t\000u\000r\000e}{chapter.7}% 66
\BOOKMARK [1][-]{section.7.4}{\376\377\000S\000t\000a\000t\000i\000o\000n\000\040\000R\000e\000c\000o\000r\000d\000\040\000F\000o\000r\000m\000a\000t}{chapter.7}% 67
\BOOKMARK [2][-]{subsection.7.4.1}{\376\377\000I\000d\000e\000n\000t\000i\000t\000y}{section.7.4}% 68
\BOOKMARK [2][-]{subsection.7.4.2}{\376\377\000C\000o\000n\000n\000e\000c\000t\000i\000o\000n\000\040\000S\000t\000a\000t\000u\000s}{section.7.4}% 69
\BOOKMARK [2][-]{subsection.7.4.3}{\376\377\000S\000i\000g\000n\000a\000l\000\040\000M\000e\000t\000r\000i\000c\000s}{section.7.4}% 70
\BOOKMARK [2][-]{subsection.7.4.4}{\376\377\000T\000h\000r\000o\000u\000g\000h\000p\000u\000t\000\040\000M\000e\000t\000r\000i\000c\000s}{section.7.4}% 71
\BOOKMARK [2][-]{subsection.7.4.5}{\376\377\000R\000e\000l\000i\000a\000b\000i\000l\000i\000t\000y\000\040\000M\000e\000t\000r\000i\000c\000s}{section.7.4}% 72
\BOOKMARK [2][-]{subsection.7.4.6}{\376\377\000L\000a\000t\000e\000n\000c\000y\000\040\000M\000e\000t\000r\000i\000c\000s}{section.7.4}% 73
\BOOKMARK [2][-]{subsection.7.4.7}{\376\377\000A\000c\000t\000i\000v\000i\000t\000y\000\040\000M\000e\000t\000r\000i\000c\000s}{section.7.4}% 74
\BOOKMARK [2][-]{subsection.7.4.8}{\376\377\000Q\000o\000E\000\040\000S\000u\000m\000m\000a\000r\000y}{section.7.4}% 75
\BOOKMARK [2][-]{subsection.7.4.9}{\376\377\000T\000i\000m\000e\000s\000t\000a\000m\000p}{section.7.4}% 76
\BOOKMARK [1][-]{section.7.5}{\376\377\000I\000d\000e\000n\000t\000i\000f\000i\000e\000r\000\040\000A\000n\000o\000n\000y\000m\000i\000z\000a\000t\000i\000o\000n}{chapter.7}% 77
\BOOKMARK [2][-]{subsection.7.5.1}{\376\377\000A\000n\000o\000n\000y\000m\000i\000z\000a\000t\000i\000o\000n\000\040\000A\000l\000g\000o\000r\000i\000t\000h\000m}{section.7.5}% 78
\BOOKMARK [2][-]{subsection.7.5.2}{\376\377\000P\000r\000i\000v\000a\000c\000y\000\040\000P\000r\000o\000p\000e\000r\000t\000i\000e\000s}{section.7.5}% 79
\BOOKMARK [2][-]{subsection.7.5.3}{\376\377\000I\000m\000p\000l\000e\000m\000e\000n\000t\000a\000t\000i\000o\000n}{section.7.5}% 80
\BOOKMARK [2][-]{subsection.7.5.4}{\376\377\000O\000U\000I\000\040\000R\000e\000t\000e\000n\000t\000i\000o\000n\000\040\000R\000a\000t\000i\000o\000n\000a\000l\000e}{section.7.5}% 81
\BOOKMARK [1][-]{section.7.6}{\376\377\000E\000x\000a\000m\000p\000l\000e\000\040\000A\000P\000I\000\040\000O\000u\000t\000p\000u\000t}{chapter.7}% 82
\BOOKMARK [0][-]{chapter.8}{\376\377\000D\000a\000s\000h\000b\000o\000a\000r\000d\000s\000\040\000a\000n\000d\000\040\000S\000o\000c\000k\000e\000t\000\040\000M\000u\000l\000t\000i\000p\000l\000e\000x\000i\000n\000g}{}% 83
\BOOKMARK [1][-]{section.8.1}{\376\377\000D\000a\000s\000h\000b\000o\000a\000r\000d\000\040\000A\000r\000c\000h\000i\000t\000e\000c\000t\000u\000r\000e}{chapter.8}% 84
\BOOKMARK [1][-]{section.8.2}{\376\377\000S\000o\000c\000k\000e\000t\000\040\000N\000a\000m\000i\000n\000g\000\040\000a\000n\000d\000\040\000M\000u\000l\000t\000i\000p\000l\000e\000x\000i\000n\000g}{chapter.8}% 85
\BOOKMARK [1][-]{section.8.3}{\376\377\000S\000o\000c\000k\000e\000t\000P\000o\000o\000l\000\040\000M\000a\000n\000a\000g\000e\000m\000e\000n\000t}{chapter.8}% 86
\BOOKMARK [1][-]{section.8.4}{\376\377\000E\000v\000e\000n\000t\000\040\000G\000e\000n\000e\000r\000a\000t\000i\000o\000n}{chapter.8}% 87
\BOOKMARK [0][-]{chapter.9}{\376\377\000S\000t\000o\000r\000a\000g\000e\000\040\000a\000n\000d\000\040\000S\000n\000a\000p\000s\000h\000o\000t\000t\000i\000n\000g}{}% 88
\BOOKMARK [1][-]{section.9.1}{\376\377\000D\000a\000t\000a\000b\000a\000s\000e\000\040\000A\000r\000c\000h\000i\000t\000e\000c\000t\000u\000r\000e}{chapter.9}% 89
\BOOKMARK [1][-]{section.9.2}{\376\377\000S\000n\000a\000p\000s\000h\000o\000t\000\040\000M\000e\000c\000h\000a\000n\000i\000s\000m}{chapter.9}% 90
\BOOKMARK [2][-]{subsection.9.2.1}{\376\377\000S\000n\000a\000p\000s\000h\000o\000t\000\040\000F\000o\000r\000m\000a\000t}{section.9.2}% 91
\BOOKMARK [2][-]{subsection.9.2.2}{\376\377\000S\000e\000r\000i\000a\000l\000i\000z\000a\000t\000i\000o\000n\000\040\000P\000r\000o\000c\000e\000s\000s}{section.9.2}% 92
\BOOKMARK [2][-]{subsection.9.2.3}{\376\377\000R\000e\000c\000o\000v\000e\000r\000y\000\040\000P\000r\000o\000c\000e\000s\000s}{section.9.2}% 93
\BOOKMARK [2][-]{subsection.9.2.4}{\376\377\000R\000e\000t\000e\000n\000t\000i\000o\000n\000\040\000P\000o\000l\000i\000c\000y}{section.9.2}% 94
\BOOKMARK [2][-]{subsection.9.2.5}{\376\377\000S\000n\000a\000p\000s\000h\000o\000t\000\040\000C\000o\000n\000s\000i\000s\000t\000e\000n\000c\000y}{section.9.2}% 95
\BOOKMARK [0][-]{chapter.10}{\376\377\0008\0000\0002\000.\0001\0001\000m\000c\000\040\000R\000T\000T\000\040\000\050\000U\000p\000d\000a\000t\000e\000d\000\051}{}% 96
\BOOKMARK [1][-]{section.10.1}{\376\377\000I\000n\000t\000r\000o\000d\000u\000c\000t\000i\000o\000n}{chapter.10}% 97
\BOOKMARK [1][-]{section.10.2}{\376\377\000B\000a\000s\000i\000c\000\040\000P\000r\000i\000n\000c\000i\000p\000l\000e\000\040\000o\000f\000\040\0008\0000\0002\000.\0001\0001\000m\000c\000\040\000W\000i\000-\000F\000i\000\040\000R\000T\000T}{chapter.10}% 98
\BOOKMARK [2][-]{subsection.10.2.1}{\376\377\000F\000T\000M\000\040\000E\000x\000c\000h\000a\000n\000g\000e\000\040\000P\000r\000o\000t\000o\000c\000o\000l}{section.10.2}% 99
\BOOKMARK [2][-]{subsection.10.2.2}{\376\377\000R\000T\000T\000\040\000a\000n\000d\000\040\000D\000i\000s\000t\000a\000n\000c\000e\000\040\000F\000o\000r\000m\000u\000l\000a\000s}{section.10.2}% 100
\BOOKMARK [1][-]{section.10.3}{\376\377\000C\000o\000l\000l\000e\000c\000t\000e\000d\000\040\000D\000a\000t\000a\000\040\000\050\000F\000T\000M\000-\000O\000n\000l\000y\000,\000\040\000N\000o\000\040\000M\000A\000C\000/\000M\000C\000S\000\051}{chapter.10}% 101
\BOOKMARK [1][-]{section.10.4}{\376\377\000F\000l\000o\000o\000r\000\040\000P\000l\000a\000n\000,\000\040\000A\000P\000/\000C\000l\000i\000e\000n\000t\000\040\000P\000l\000a\000c\000e\000m\000e\000n\000t\000,\000\040\000a\000n\000d\000\040\000T\000i\000l\000e\000s}{chapter.10}% 102
\BOOKMARK [2][-]{subsection.10.4.1}{\376\377\000C\000o\000o\000r\000d\000i\000n\000a\000t\000e\000\040\000S\000y\000s\000t\000e\000m\000\040\000a\000n\000d\000\040\000T\000i\000l\000e\000s}{section.10.4}% 103
\BOOKMARK [2][-]{subsection.10.4.2}{\376\377\000F\000l\000o\000o\000r\000\040\000P\000l\000a\000n\000\040\000w\000i\000t\000h\000\040\000A\000P\000\040\000a\000n\000d\000\040\000C\000l\000i\000e\000n\000t\000\040\000P\000l\000a\000c\000e\000m\000e\000n\000t}{section.10.4}% 104
\BOOKMARK [1][-]{section.10.5}{\376\377\000A\000s\000s\000i\000g\000n\000i\000n\000g\000\040\000F\000T\000M\000\040\000M\000e\000a\000s\000u\000r\000e\000m\000e\000n\000t\000s\000\040\000t\000o\000\040\000T\000i\000l\000e\000s}{chapter.10}% 105
\BOOKMARK [1][-]{section.10.6}{\376\377\000T\000i\000m\000e\000\040\000W\000i\000n\000d\000o\000w\000s\000\040\000a\000n\000d\000\040\000A\000g\000g\000r\000e\000g\000a\000t\000i\000o\000n}{chapter.10}% 106
\BOOKMARK [1][-]{section.10.7}{\376\377\000H\000o\000t\000s\000p\000o\000t\000\040\000a\000n\000d\000\040\000I\000n\000t\000e\000r\000f\000e\000r\000e\000n\000c\000e\000\040\000M\000e\000t\000r\000i\000c\000s\000\040\000\050\000F\000o\000r\000m\000u\000l\000a\000s\000\051}{chapter.10}% 107
\BOOKMARK [2][-]{subsection.10.7.1}{\376\377\000M\000e\000t\000r\000i\000c\000\040\0001\000\040\040\023\000\040\000F\000T\000M\000\040\000P\000r\000e\000c\000i\000s\000i\000o\000n\000\040\000H\000o\000t\000s\000p\000o\000t}{section.10.7}% 108
\BOOKMARK [2][-]{subsection.10.7.2}{\376\377\000M\000e\000t\000r\000i\000c\000\040\0002\000\040\040\023\000\040\000C\000o\000v\000e\000r\000a\000g\000e\000\040\000Q\000u\000a\000l\000i\000t\000y\000\040\000H\000o\000t\000s\000p\000o\000t}{section.10.7}% 109
\BOOKMARK [2][-]{subsection.10.7.3}{\376\377\000M\000e\000t\000r\000i\000c\000\040\0003\000\040\040\023\000\040\000M\000u\000l\000t\000i\000p\000a\000t\000h\000\040\000D\000i\000s\000t\000o\000r\000t\000i\000o\000n\000\040\000I\000n\000d\000i\000c\000a\000t\000o\000r}{section.10.7}% 110
\BOOKMARK [2][-]{subsection.10.7.4}{\376\377\000C\000o\000m\000b\000i\000n\000e\000d\000\040\000H\000o\000t\000s\000p\000o\000t\000\040\000S\000e\000v\000e\000r\000i\000t\000y\000\040\000p\000e\000r\000\040\000T\000i\000l\000e}{section.10.7}% 111
\BOOKMARK [1][-]{section.10.8}{\376\377\000H\000e\000a\000t\000m\000a\000p\000\040\000a\000n\000d\000\040\000V\000i\000s\000u\000a\000l\000i\000z\000a\000t\000i\000o\000n\000s}{chapter.10}% 112
\BOOKMARK [2][-]{subsection.10.8.1}{\376\377\000H\000e\000a\000t\000m\000a\000p\000\040\000C\000o\000n\000c\000e\000p\000t}{section.10.8}% 113
\BOOKMARK [2][-]{subsection.10.8.2}{\376\377\000E\000x\000a\000m\000p\000l\000e\000\040\000H\000e\000a\000t\000m\000a\000p}{section.10.8}% 114
\BOOKMARK [2][-]{subsection.10.8.3}{\376\377\000P\000e\000r\000-\000T\000i\000l\000e\000\040\000M\000e\000t\000r\000i\000c\000\040\000C\000o\000m\000p\000a\000r\000i\000s\000o\000n}{section.10.8}% 115
\BOOKMARK [1][-]{section.10.9}{\376\377\000O\000v\000e\000r\000a\000l\000l\000\040\000I\000m\000p\000l\000e\000m\000e\000n\000t\000a\000t\000i\000o\000n\000\040\000F\000l\000o\000w\000\040\000\050\000H\000i\000g\000h\000\040\000L\000e\000v\000e\000l\000\051}{chapter.10}% 116
\BOOKMARK [2][-]{subsection.10.9.1}{\376\377\000D\000e\000t\000a\000i\000l\000e\000d\000\040\000S\000t\000e\000p\000s}{section.10.9}% 117
\BOOKMARK [1][-]{section.10.10}{\376\377\000P\000r\000i\000v\000a\000c\000y\000\040\000C\000o\000n\000s\000i\000d\000e\000r\000a\000t\000i\000o\000n\000s}{chapter.10}% 118
\BOOKMARK [1][-]{section.10.11}{\376\377\000C\000o\000n\000c\000l\000u\000s\000i\000o\000n}{chapter.10}% 119
\BOOKMARK [1][-]{section.10.12}{\376\377\000K\000e\000y\000\040\000F\000o\000r\000m\000u\000l\000a\000s\000\040\000S\000u\000m\000m\000a\000r\000y}{chapter.10}% 120
\BOOKMARK [1][-]{section.10.13}{\376\377\000E\000x\000a\000m\000p\000l\000e\000\040\000F\000T\000M\000\040\000D\000a\000t\000a\000\040\000R\000e\000c\000o\000r\000d}{chapter.10}% 121
\BOOKMARK [1][-]{section.10.14}{\376\377\000C\000l\000i\000e\000n\000t\000\040\000S\000y\000s\000t\000e\000m\000\040\000R\000e\000q\000u\000i\000r\000e\000m\000e\000n\000t\000s}{chapter.10}% 122
\BOOKMARK [1][-]{section.10.15}{\376\377\000R\000e\000s\000u\000l\000t\000s}{chapter.10}% 123
\BOOKMARK [0][-]{chapter.11}{\376\377\000C\000o\000n\000c\000l\000u\000s\000i\000o\000n}{}% 124
\BOOKMARK [1][-]{section.11.1}{\376\377\000A\000r\000c\000h\000i\000t\000e\000c\000t\000u\000r\000a\000l\000\040\000S\000u\000m\000m\000a\000r\000y}{chapter.11}% 125
\BOOKMARK [1][-]{section.11.2}{\376\377\000P\000r\000i\000v\000a\000c\000y\000\040\000a\000n\000d\000\040\000S\000e\000c\000u\000r\000i\000t\000y}{chapter.11}% 126
\BOOKMARK [1][-]{section.11.3}{\376\377\000P\000r\000o\000d\000u\000c\000t\000i\000o\000n\000\040\000R\000e\000a\000d\000i\000n\000e\000s\000s}{chapter.11}% 127
\BOOKMARK [1][-]{section.11.4}{\376\377\000F\000i\000n\000a\000l\000\040\000R\000e\000m\000a\000r\000k\000s}{chapter.11}% 128
